Performing C SOURCE FILE Test CMAKE_HAVE_LIBC_PTHREAD failed with the following output:
Change Dir: /home/johnny/Documents/Repositories/CS352/shell/CMakeFiles/CMakeTmp

Run Build Command(s):/usr/bin/gmake cmTC_c5dcf/fast && /usr/bin/gmake  -f CMakeFiles/cmTC_c5dcf.dir/build.make CMakeFiles/cmTC_c5dcf.dir/build
gmake[1]: Entering directory '/home/johnny/Documents/Repositories/CS352/shell/CMakeFiles/CMakeTmp'
Building C object CMakeFiles/cmTC_c5dcf.dir/src.c.o
/usr/bin/cc   -DCMAKE_HAVE_LIBC_PTHREAD -o CMakeFiles/cmTC_c5dcf.dir/src.c.o -c /home/johnny/Documents/Repositories/CS352/shell/CMakeFiles/CMakeTmp/src.c
Linking C executable cmTC_c5dcf
/usr/bin/cmake -E cmake_link_script CMakeFiles/cmTC_c5dcf.dir/link.txt --verbose=1
/usr/bin/cc  -DCMAKE_HAVE_LIBC_PTHREAD -rdynamic CMakeFiles/cmTC_c5dcf.dir/src.c.o -o cmTC_c5dcf 
/usr/bin/ld: CMakeFiles/cmTC_c5dcf.dir/src.c.o: in function `main':
src.c:(.text+0x46): undefined reference to `pthread_create'
/usr/bin/ld: src.c:(.text+0x52): undefined reference to `pthread_detach'
/usr/bin/ld: src.c:(.text+0x5e): undefined reference to `pthread_cancel'
/usr/bin/ld: src.c:(.text+0x6f): undefined reference to `pthread_join'
collect2: error: ld returned 1 exit status
gmake[1]: *** [CMakeFiles/cmTC_c5dcf.dir/build.make:106: cmTC_c5dcf] Error 1
gmake[1]: Leaving directory '/home/johnny/Documents/Repositories/CS352/shell/CMakeFiles/CMakeTmp'
gmake: *** [Makefile:140: cmTC_c5dcf/fast] Error 2


Source file was:
#include <pthread.h>

void* test_func(void* data)
{
  return data;
}

int main(void)
{
  pthread_t thread;
  pthread_create(&thread, NULL, test_func, NULL);
  pthread_detach(thread);
  pthread_cancel(thread);
  pthread_join(thread, NULL);
  pthread_atfork(NULL, NULL, NULL);
  pthread_exit(NULL);

  return 0;
}

Determining if the function pthread_create exists in the pthreads failed with the following output:
Change Dir: /home/johnny/Documents/Repositories/CS352/shell/CMakeFiles/CMakeTmp

Run Build Command(s):/usr/bin/gmake cmTC_cdec8/fast && /usr/bin/gmake  -f CMakeFiles/cmTC_cdec8.dir/build.make CMakeFiles/cmTC_cdec8.dir/build
gmake[1]: Entering directory '/home/johnny/Documents/Repositories/CS352/shell/CMakeFiles/CMakeTmp'
Building C object CMakeFiles/cmTC_cdec8.dir/CheckFunctionExists.c.o
/usr/bin/cc   -DCHECK_FUNCTION_EXISTS=pthread_create -o CMakeFiles/cmTC_cdec8.dir/CheckFunctionExists.c.o -c /usr/share/cmake-3.18/Modules/CheckFunctionExists.c
Linking C executable cmTC_cdec8
/usr/bin/cmake -E cmake_link_script CMakeFiles/cmTC_cdec8.dir/link.txt --verbose=1
/usr/bin/cc  -DCHECK_FUNCTION_EXISTS=pthread_create -rdynamic CMakeFiles/cmTC_cdec8.dir/CheckFunctionExists.c.o -o cmTC_cdec8  -lpthreads 
/usr/bin/ld: cannot find -lpthreads
collect2: error: ld returned 1 exit status
gmake[1]: *** [CMakeFiles/cmTC_cdec8.dir/build.make:106: cmTC_cdec8] Error 1
gmake[1]: Leaving directory '/home/johnny/Documents/Repositories/CS352/shell/CMakeFiles/CMakeTmp'
gmake: *** [Makefile:140: cmTC_cdec8/fast] Error 2



Performing C SOURCE FILE Test CMAKE_HAVE_LIBC_PTHREAD failed with the following output:
Change Dir: /home/johnny/Documents/Repositories/CS352/shell/CMakeFiles/CMakeTmp

Run Build Command(s):/usr/bin/gmake cmTC_5e979/fast && gmake[1]: Entering directory '/home/johnny/Documents/Repositories/CS352/shell/CMakeFiles/CMakeTmp'
/usr/bin/gmake  -f CMakeFiles/cmTC_5e979.dir/build.make CMakeFiles/cmTC_5e979.dir/build
gmake[2]: Entering directory '/home/johnny/Documents/Repositories/CS352/shell/CMakeFiles/CMakeTmp'
Building C object CMakeFiles/cmTC_5e979.dir/src.c.o
/usr/bin/cc   -DCMAKE_HAVE_LIBC_PTHREAD -o CMakeFiles/cmTC_5e979.dir/src.c.o -c /home/johnny/Documents/Repositories/CS352/shell/CMakeFiles/CMakeTmp/src.c
Linking C executable cmTC_5e979
/usr/bin/cmake -E cmake_link_script CMakeFiles/cmTC_5e979.dir/link.txt --verbose=1
/usr/bin/cc  -DCMAKE_HAVE_LIBC_PTHREAD -rdynamic CMakeFiles/cmTC_5e979.dir/src.c.o -o cmTC_5e979 
/usr/bin/ld: CMakeFiles/cmTC_5e979.dir/src.c.o: in function `main':
src.c:(.text+0x46): undefined reference to `pthread_create'
/usr/bin/ld: src.c:(.text+0x52): undefined reference to `pthread_detach'
/usr/bin/ld: src.c:(.text+0x5e): undefined reference to `pthread_cancel'
/usr/bin/ld: src.c:(.text+0x6f): undefined reference to `pthread_join'
collect2: error: ld returned 1 exit status
gmake[2]: *** [CMakeFiles/cmTC_5e979.dir/build.make:106: cmTC_5e979] Error 1
gmake[2]: Leaving directory '/home/johnny/Documents/Repositories/CS352/shell/CMakeFiles/CMakeTmp'
gmake[1]: *** [Makefile:140: cmTC_5e979/fast] Error 2
gmake[1]: Leaving directory '/home/johnny/Documents/Repositories/CS352/shell/CMakeFiles/CMakeTmp'


Source file was:
#include <pthread.h>

void* test_func(void* data)
{
  return data;
}

int main(void)
{
  pthread_t thread;
  pthread_create(&thread, NULL, test_func, NULL);
  pthread_detach(thread);
  pthread_cancel(thread);
  pthread_join(thread, NULL);
  pthread_atfork(NULL, NULL, NULL);
  pthread_exit(NULL);

  return 0;
}

Determining if the function pthread_create exists in the pthreads failed with the following output:
Change Dir: /home/johnny/Documents/Repositories/CS352/shell/CMakeFiles/CMakeTmp

Run Build Command(s):/usr/bin/gmake cmTC_f0540/fast && gmake[1]: Entering directory '/home/johnny/Documents/Repositories/CS352/shell/CMakeFiles/CMakeTmp'
/usr/bin/gmake  -f CMakeFiles/cmTC_f0540.dir/build.make CMakeFiles/cmTC_f0540.dir/build
gmake[2]: Entering directory '/home/johnny/Documents/Repositories/CS352/shell/CMakeFiles/CMakeTmp'
Building C object CMakeFiles/cmTC_f0540.dir/CheckFunctionExists.c.o
/usr/bin/cc   -DCHECK_FUNCTION_EXISTS=pthread_create -o CMakeFiles/cmTC_f0540.dir/CheckFunctionExists.c.o -c /usr/share/cmake-3.18/Modules/CheckFunctionExists.c
Linking C executable cmTC_f0540
/usr/bin/cmake -E cmake_link_script CMakeFiles/cmTC_f0540.dir/link.txt --verbose=1
/usr/bin/cc  -DCHECK_FUNCTION_EXISTS=pthread_create -rdynamic CMakeFiles/cmTC_f0540.dir/CheckFunctionExists.c.o -o cmTC_f0540  -lpthreads 
/usr/bin/ld: cannot find -lpthreads
collect2: error: ld returned 1 exit status
gmake[2]: *** [CMakeFiles/cmTC_f0540.dir/build.make:106: cmTC_f0540] Error 1
gmake[2]: Leaving directory '/home/johnny/Documents/Repositories/CS352/shell/CMakeFiles/CMakeTmp'
gmake[1]: *** [Makefile:140: cmTC_f0540/fast] Error 2
gmake[1]: Leaving directory '/home/johnny/Documents/Repositories/CS352/shell/CMakeFiles/CMakeTmp'



Performing C SOURCE FILE Test CMAKE_HAVE_LIBC_PTHREAD failed with the following output:
Change Dir: /home/johnny/Documents/Repositories/CS352/shell/CMakeFiles/CMakeTmp

Run Build Command(s):/usr/bin/gmake cmTC_3b2ee/fast && /usr/bin/gmake  -f CMakeFiles/cmTC_3b2ee.dir/build.make CMakeFiles/cmTC_3b2ee.dir/build
gmake[1]: Entering directory '/home/johnny/Documents/Repositories/CS352/shell/CMakeFiles/CMakeTmp'
Building C object CMakeFiles/cmTC_3b2ee.dir/src.c.o
/usr/bin/cc   -DCMAKE_HAVE_LIBC_PTHREAD -o CMakeFiles/cmTC_3b2ee.dir/src.c.o -c /home/johnny/Documents/Repositories/CS352/shell/CMakeFiles/CMakeTmp/src.c
Linking C executable cmTC_3b2ee
/usr/bin/cmake -E cmake_link_script CMakeFiles/cmTC_3b2ee.dir/link.txt --verbose=1
/usr/bin/cc  -DCMAKE_HAVE_LIBC_PTHREAD -rdynamic CMakeFiles/cmTC_3b2ee.dir/src.c.o -o cmTC_3b2ee 
/usr/bin/ld: CMakeFiles/cmTC_3b2ee.dir/src.c.o: in function `main':
src.c:(.text+0x46): undefined reference to `pthread_create'
/usr/bin/ld: src.c:(.text+0x52): undefined reference to `pthread_detach'
/usr/bin/ld: src.c:(.text+0x5e): undefined reference to `pthread_cancel'
/usr/bin/ld: src.c:(.text+0x6f): undefined reference to `pthread_join'
collect2: error: ld returned 1 exit status
gmake[1]: *** [CMakeFiles/cmTC_3b2ee.dir/build.make:106: cmTC_3b2ee] Error 1
gmake[1]: Leaving directory '/home/johnny/Documents/Repositories/CS352/shell/CMakeFiles/CMakeTmp'
gmake: *** [Makefile:140: cmTC_3b2ee/fast] Error 2


Source file was:
#include <pthread.h>

void* test_func(void* data)
{
  return data;
}

int main(void)
{
  pthread_t thread;
  pthread_create(&thread, NULL, test_func, NULL);
  pthread_detach(thread);
  pthread_cancel(thread);
  pthread_join(thread, NULL);
  pthread_atfork(NULL, NULL, NULL);
  pthread_exit(NULL);

  return 0;
}

Determining if the function pthread_create exists in the pthreads failed with the following output:
Change Dir: /home/johnny/Documents/Repositories/CS352/shell/CMakeFiles/CMakeTmp

Run Build Command(s):/usr/bin/gmake cmTC_1031b/fast && /usr/bin/gmake  -f CMakeFiles/cmTC_1031b.dir/build.make CMakeFiles/cmTC_1031b.dir/build
gmake[1]: Entering directory '/home/johnny/Documents/Repositories/CS352/shell/CMakeFiles/CMakeTmp'
Building C object CMakeFiles/cmTC_1031b.dir/CheckFunctionExists.c.o
/usr/bin/cc   -DCHECK_FUNCTION_EXISTS=pthread_create -o CMakeFiles/cmTC_1031b.dir/CheckFunctionExists.c.o -c /usr/share/cmake-3.18/Modules/CheckFunctionExists.c
Linking C executable cmTC_1031b
/usr/bin/cmake -E cmake_link_script CMakeFiles/cmTC_1031b.dir/link.txt --verbose=1
/usr/bin/cc  -DCHECK_FUNCTION_EXISTS=pthread_create -rdynamic CMakeFiles/cmTC_1031b.dir/CheckFunctionExists.c.o -o cmTC_1031b  -lpthreads 
/usr/bin/ld: cannot find -lpthreads
collect2: error: ld returned 1 exit status
gmake[1]: *** [CMakeFiles/cmTC_1031b.dir/build.make:106: cmTC_1031b] Error 1
gmake[1]: Leaving directory '/home/johnny/Documents/Repositories/CS352/shell/CMakeFiles/CMakeTmp'
gmake: *** [Makefile:140: cmTC_1031b/fast] Error 2



